19:08:52 INFO  : Registering command handlers for SDK TCF services
19:08:52 INFO  : Launching XSCT server: xsct.bat -interactive D:\ADS\SoC_intr_cache_V2\SoC_intr_cache_V2.sdk\temp_xsdb_launch_script.tcl
19:08:53 INFO  : XSCT server has started successfully.
19:08:53 INFO  : Successfully done setting XSCT server connection channel  
19:08:54 INFO  : Successfully done setting SDK workspace  
19:08:54 INFO  : Processing command line option -hwspec D:/ADS/SoC_intr_cache_V2/SoC_intr_cache_V2.sdk/design_1_wrapper.hdf.
19:09:57 INFO  : Connected to target on host '127.0.0.1' and port '3121'.
19:10:00 INFO  : 'targets -set -filter {jtag_cable_name =~ "Digilent JTAG-SMT1 210203823914A" && level==0} -index 1' command is executed.
19:10:03 INFO  : FPGA configured successfully with bitstream "D:/ADS/SoC_intr_cache_V2/SoC_intr_cache_V2.sdk/design_1_wrapper_hw_platform_0/download.bit"
19:10:16 INFO  : 'targets -set -filter {jtag_cable_name =~ "Digilent JTAG-SMT1 210203823914A" && level==0} -index 1' command is executed.
19:10:16 INFO  : 'fpga -state' command is executed.
19:10:16 INFO  : Connected to target on host '127.0.0.1' and port '3121'.
19:10:16 INFO  : Jtag cable 'Digilent JTAG-SMT1 210203823914A' is selected.
19:10:16 INFO  : 'jtag frequency' command is executed.
19:10:16 INFO  : Sourcing of 'D:/ADS/SoC_intr_cache_V2/SoC_intr_cache_V2.sdk/design_1_wrapper_hw_platform_0/ps7_init.tcl' is done.
19:10:16 INFO  : Context for 'APU' is selected.
19:10:16 INFO  : Hardware design information is loaded from 'D:/ADS/SoC_intr_cache_V2/SoC_intr_cache_V2.sdk/design_1_wrapper_hw_platform_0/system.hdf'.
19:10:16 INFO  : 'configparams force-mem-access 1' command is executed.
19:10:16 INFO  : Context for 'APU' is selected.
19:10:16 INFO  : 'stop' command is executed.
19:10:16 INFO  : 'ps7_init' command is executed.
19:10:16 INFO  : 'ps7_post_config' command is executed.
19:10:16 INFO  : Context for processor 'microblaze_0' is selected.
19:10:16 INFO  : Processor reset is completed for 'microblaze_0'.
19:10:16 INFO  : Context for processor 'microblaze_0' is selected.
19:10:16 INFO  : The application 'D:/ADS/SoC_intr_cache_V2/SoC_intr_cache_V2.sdk/test_ip/Debug/test_ip.elf' is downloaded to processor 'microblaze_0'.
19:10:16 INFO  : 'configparams force-mem-access 0' command is executed.
19:10:16 INFO  : ----------------XSDB Script----------------
connect -url tcp:127.0.0.1:3121
source D:/ADS/SoC_intr_cache_V2/SoC_intr_cache_V2.sdk/design_1_wrapper_hw_platform_0/ps7_init.tcl
targets -set -nocase -filter {name =~"APU*" && jtag_cable_name =~ "Digilent JTAG-SMT1 210203823914A"} -index 0
loadhw -hw D:/ADS/SoC_intr_cache_V2/SoC_intr_cache_V2.sdk/design_1_wrapper_hw_platform_0/system.hdf -mem-ranges [list {0x40000000 0xbfffffff}]
configparams force-mem-access 1
targets -set -nocase -filter {name =~"APU*" && jtag_cable_name =~ "Digilent JTAG-SMT1 210203823914A"} -index 0
stop
ps7_init
ps7_post_config
targets -set -nocase -filter {name =~ "microblaze*#0" && bscan=="USER2"  && jtag_cable_name =~ "Digilent JTAG-SMT1 210203823914A"} -index 1
rst -processor
targets -set -nocase -filter {name =~ "microblaze*#0" && bscan=="USER2"  && jtag_cable_name =~ "Digilent JTAG-SMT1 210203823914A"} -index 1
dow D:/ADS/SoC_intr_cache_V2/SoC_intr_cache_V2.sdk/test_ip/Debug/test_ip.elf
configparams force-mem-access 0
----------------End of Script----------------

19:10:17 INFO  : Memory regions updated for context APU
19:10:17 INFO  : Memory regions updated for context MicroBlaze #0
19:10:17 INFO  : Memory regions updated for context MicroBlaze #0
19:10:17 INFO  : Context for processor 'microblaze_0' is selected.
19:10:17 INFO  : 'con' command is executed.
19:10:17 INFO  : ----------------XSDB Script (After Launch)----------------
targets -set -nocase -filter {name =~ "microblaze*#0" && bscan=="USER2"  && jtag_cable_name =~ "Digilent JTAG-SMT1 210203823914A"} -index 1
con
----------------End of Script----------------

19:10:17 INFO  : Launch script is exported to file 'D:\ADS\SoC_intr_cache_V2\SoC_intr_cache_V2.sdk\.sdk\launch_scripts\xilinx_c-c++_application_(system_debugger)\system_debugger_using_debug_test_ip.elf_on_local.tcl'
19:10:29 INFO  : Disconnected from the channel tcfchan#1.
19:10:30 INFO  : 'targets -set -filter {jtag_cable_name =~ "Digilent JTAG-SMT1 210203823914A" && level==0} -index 1' command is executed.
19:10:30 INFO  : 'fpga -state' command is executed.
19:10:30 INFO  : Connected to target on host '127.0.0.1' and port '3121'.
19:10:31 INFO  : Jtag cable 'Digilent JTAG-SMT1 210203823914A' is selected.
19:10:31 INFO  : 'jtag frequency' command is executed.
19:10:31 INFO  : Sourcing of 'D:/ADS/SoC_intr_cache_V2/SoC_intr_cache_V2.sdk/design_1_wrapper_hw_platform_0/ps7_init.tcl' is done.
19:10:31 INFO  : Context for 'APU' is selected.
19:10:32 INFO  : Hardware design information is loaded from 'D:/ADS/SoC_intr_cache_V2/SoC_intr_cache_V2.sdk/design_1_wrapper_hw_platform_0/system.hdf'.
19:10:32 INFO  : 'configparams force-mem-access 1' command is executed.
19:10:32 INFO  : Context for 'APU' is selected.
19:10:32 INFO  : 'stop' command is executed.
19:10:33 INFO  : 'ps7_init' command is executed.
19:10:33 INFO  : 'ps7_post_config' command is executed.
19:10:33 INFO  : Context for processor 'microblaze_0' is selected.
19:10:33 INFO  : Processor reset is completed for 'microblaze_0'.
19:10:33 INFO  : Context for processor 'microblaze_0' is selected.
19:10:33 INFO  : The application 'D:/ADS/SoC_intr_cache_V2/SoC_intr_cache_V2.sdk/test_ip/Debug/test_ip.elf' is downloaded to processor 'microblaze_0'.
19:10:33 INFO  : 'configparams force-mem-access 0' command is executed.
19:10:33 INFO  : ----------------XSDB Script----------------
connect -url tcp:127.0.0.1:3121
source D:/ADS/SoC_intr_cache_V2/SoC_intr_cache_V2.sdk/design_1_wrapper_hw_platform_0/ps7_init.tcl
targets -set -nocase -filter {name =~"APU*" && jtag_cable_name =~ "Digilent JTAG-SMT1 210203823914A"} -index 0
loadhw -hw D:/ADS/SoC_intr_cache_V2/SoC_intr_cache_V2.sdk/design_1_wrapper_hw_platform_0/system.hdf -mem-ranges [list {0x40000000 0xbfffffff}]
configparams force-mem-access 1
targets -set -nocase -filter {name =~"APU*" && jtag_cable_name =~ "Digilent JTAG-SMT1 210203823914A"} -index 0
stop
ps7_init
ps7_post_config
targets -set -nocase -filter {name =~ "microblaze*#0" && bscan=="USER2"  && jtag_cable_name =~ "Digilent JTAG-SMT1 210203823914A"} -index 1
rst -processor
targets -set -nocase -filter {name =~ "microblaze*#0" && bscan=="USER2"  && jtag_cable_name =~ "Digilent JTAG-SMT1 210203823914A"} -index 1
dow D:/ADS/SoC_intr_cache_V2/SoC_intr_cache_V2.sdk/test_ip/Debug/test_ip.elf
configparams force-mem-access 0
----------------End of Script----------------

19:10:33 INFO  : Memory regions updated for context APU
19:10:33 INFO  : Memory regions updated for context MicroBlaze #0
19:10:33 INFO  : Memory regions updated for context MicroBlaze #0
19:10:33 INFO  : Context for processor 'microblaze_0' is selected.
19:10:33 INFO  : 'con' command is executed.
19:10:33 INFO  : ----------------XSDB Script (After Launch)----------------
targets -set -nocase -filter {name =~ "microblaze*#0" && bscan=="USER2"  && jtag_cable_name =~ "Digilent JTAG-SMT1 210203823914A"} -index 1
con
----------------End of Script----------------

19:10:33 INFO  : Launch script is exported to file 'D:\ADS\SoC_intr_cache_V2\SoC_intr_cache_V2.sdk\.sdk\launch_scripts\xilinx_c-c++_application_(system_debugger)\system_debugger_using_debug_test_ip.elf_on_local.tcl'
19:11:10 INFO  : Connected to target on host '127.0.0.1' and port '3121'.
19:11:10 INFO  : 'targets -set -filter {jtag_cable_name =~ "Digilent JTAG-SMT1 210203823914A" && level==0} -index 1' command is executed.
19:11:12 INFO  : FPGA configured successfully with bitstream "D:/ADS/SoC_intr_cache_V2/SoC_intr_cache_V2.sdk/design_1_wrapper_hw_platform_0/download.bit"
19:11:21 INFO  : Disconnected from the channel tcfchan#2.
19:11:22 INFO  : 'targets -set -filter {jtag_cable_name =~ "Digilent JTAG-SMT1 210203823914A" && level==0} -index 1' command is executed.
19:11:22 INFO  : 'fpga -state' command is executed.
19:11:22 INFO  : Connected to target on host '127.0.0.1' and port '3121'.
19:11:23 INFO  : Jtag cable 'Digilent JTAG-SMT1 210203823914A' is selected.
19:11:23 INFO  : 'jtag frequency' command is executed.
19:11:23 INFO  : Sourcing of 'D:/ADS/SoC_intr_cache_V2/SoC_intr_cache_V2.sdk/design_1_wrapper_hw_platform_0/ps7_init.tcl' is done.
19:11:23 INFO  : Context for 'APU' is selected.
19:11:24 INFO  : Hardware design information is loaded from 'D:/ADS/SoC_intr_cache_V2/SoC_intr_cache_V2.sdk/design_1_wrapper_hw_platform_0/system.hdf'.
19:11:24 INFO  : 'configparams force-mem-access 1' command is executed.
19:11:24 INFO  : Context for 'APU' is selected.
19:11:24 INFO  : 'stop' command is executed.
19:11:25 INFO  : 'ps7_init' command is executed.
19:11:25 INFO  : 'ps7_post_config' command is executed.
19:11:25 INFO  : Context for processor 'microblaze_0' is selected.
19:11:25 INFO  : Processor reset is completed for 'microblaze_0'.
19:11:25 INFO  : Context for processor 'microblaze_0' is selected.
19:11:25 INFO  : The application 'D:/ADS/SoC_intr_cache_V2/SoC_intr_cache_V2.sdk/test_ip/Debug/test_ip.elf' is downloaded to processor 'microblaze_0'.
19:11:25 INFO  : 'configparams force-mem-access 0' command is executed.
19:11:25 INFO  : ----------------XSDB Script----------------
connect -url tcp:127.0.0.1:3121
source D:/ADS/SoC_intr_cache_V2/SoC_intr_cache_V2.sdk/design_1_wrapper_hw_platform_0/ps7_init.tcl
targets -set -nocase -filter {name =~"APU*" && jtag_cable_name =~ "Digilent JTAG-SMT1 210203823914A"} -index 0
loadhw -hw D:/ADS/SoC_intr_cache_V2/SoC_intr_cache_V2.sdk/design_1_wrapper_hw_platform_0/system.hdf -mem-ranges [list {0x40000000 0xbfffffff}]
configparams force-mem-access 1
targets -set -nocase -filter {name =~"APU*" && jtag_cable_name =~ "Digilent JTAG-SMT1 210203823914A"} -index 0
stop
ps7_init
ps7_post_config
targets -set -nocase -filter {name =~ "microblaze*#0" && bscan=="USER2"  && jtag_cable_name =~ "Digilent JTAG-SMT1 210203823914A"} -index 1
rst -processor
targets -set -nocase -filter {name =~ "microblaze*#0" && bscan=="USER2"  && jtag_cable_name =~ "Digilent JTAG-SMT1 210203823914A"} -index 1
dow D:/ADS/SoC_intr_cache_V2/SoC_intr_cache_V2.sdk/test_ip/Debug/test_ip.elf
configparams force-mem-access 0
----------------End of Script----------------

19:11:25 INFO  : Memory regions updated for context APU
19:11:25 INFO  : Memory regions updated for context MicroBlaze #0
19:11:25 INFO  : Memory regions updated for context MicroBlaze #0
19:11:25 INFO  : Context for processor 'microblaze_0' is selected.
19:11:25 INFO  : 'con' command is executed.
19:11:25 INFO  : ----------------XSDB Script (After Launch)----------------
targets -set -nocase -filter {name =~ "microblaze*#0" && bscan=="USER2"  && jtag_cable_name =~ "Digilent JTAG-SMT1 210203823914A"} -index 1
con
----------------End of Script----------------

19:11:25 INFO  : Launch script is exported to file 'D:\ADS\SoC_intr_cache_V2\SoC_intr_cache_V2.sdk\.sdk\launch_scripts\xilinx_c-c++_application_(system_debugger)\system_debugger_using_debug_test_ip.elf_on_local.tcl'
19:11:59 INFO  : Disconnected from the channel tcfchan#3.
19:13:48 INFO  : Registering command handlers for SDK TCF services
19:13:49 INFO  : Launching XSCT server: xsct.bat -interactive D:\ADS\SoC_intr_cache_V2\SoC_intr_cache_V2.sdk\temp_xsdb_launch_script.tcl
19:13:50 INFO  : XSCT server has started successfully.
19:13:50 INFO  : Successfully done setting XSCT server connection channel  
19:13:50 INFO  : Successfully done setting SDK workspace  
19:13:50 INFO  : Processing command line option -hwspec D:/ADS/SoC_intr_cache_V2/SoC_intr_cache_V2.sdk/design_1_wrapper.hdf.
19:13:50 INFO  : Checking for hwspec changes in the project design_1_wrapper_hw_platform_0.
