15:25:24 INFO  : Registering command handlers for SDK TCF services
15:25:25 INFO  : Launching XSCT server: xsct.bat -interactive D:\ADS\SoC_intr\SoC_intr.sdk\temp_xsdb_launch_script.tcl
15:25:30 INFO  : XSCT server has started successfully.
15:25:30 INFO  : Successfully done setting XSCT server connection channel  
15:25:30 INFO  : Successfully done setting SDK workspace  
15:25:30 INFO  : Processing command line option -hwspec D:/ADS/SoC_intr/SoC_intr.sdk/design_1_wrapper.hdf.
15:31:00 INFO  : Connected to target on host '127.0.0.1' and port '3121'.
15:31:00 INFO  : 'targets -set -filter {jtag_cable_name =~ "Digilent JTAG-SMT1 210203823914A" && level==0} -index 1' command is executed.
15:31:02 INFO  : FPGA configured successfully with bitstream "D:/ADS/SoC_intr/SoC_intr.sdk/design_1_wrapper_hw_platform_0/download.bit"
15:31:14 INFO  : 'targets -set -filter {jtag_cable_name =~ "Digilent JTAG-SMT1 210203823914A" && level==0} -index 1' command is executed.
15:31:14 INFO  : 'fpga -state' command is executed.
15:31:14 INFO  : Connected to target on host '127.0.0.1' and port '3121'.
15:31:15 INFO  : Jtag cable 'Digilent JTAG-SMT1 210203823914A' is selected.
15:31:15 INFO  : 'jtag frequency' command is executed.
15:31:15 INFO  : Sourcing of 'D:/ADS/SoC_intr/SoC_intr.sdk/design_1_wrapper_hw_platform_0/ps7_init.tcl' is done.
15:31:15 INFO  : Context for 'APU' is selected.
15:31:15 INFO  : Hardware design information is loaded from 'D:/ADS/SoC_intr/SoC_intr.sdk/design_1_wrapper_hw_platform_0/system.hdf'.
15:31:15 INFO  : 'configparams force-mem-access 1' command is executed.
15:31:15 INFO  : Context for 'APU' is selected.
15:31:15 INFO  : 'stop' command is executed.
15:31:15 INFO  : 'ps7_init' command is executed.
15:31:15 INFO  : 'ps7_post_config' command is executed.
15:31:15 INFO  : Context for processor 'microblaze_0' is selected.
15:31:15 INFO  : Processor reset is completed for 'microblaze_0'.
15:31:15 INFO  : Context for processor 'microblaze_0' is selected.
15:31:15 INFO  : The application 'D:/ADS/SoC_intr/SoC_intr.sdk/test_intr/Debug/test_intr.elf' is downloaded to processor 'microblaze_0'.
15:31:15 INFO  : 'configparams force-mem-access 0' command is executed.
15:31:15 INFO  : ----------------XSDB Script----------------
connect -url tcp:127.0.0.1:3121
source D:/ADS/SoC_intr/SoC_intr.sdk/design_1_wrapper_hw_platform_0/ps7_init.tcl
targets -set -nocase -filter {name =~"APU*" && jtag_cable_name =~ "Digilent JTAG-SMT1 210203823914A"} -index 0
loadhw -hw D:/ADS/SoC_intr/SoC_intr.sdk/design_1_wrapper_hw_platform_0/system.hdf -mem-ranges [list {0x40000000 0xbfffffff}]
configparams force-mem-access 1
targets -set -nocase -filter {name =~"APU*" && jtag_cable_name =~ "Digilent JTAG-SMT1 210203823914A"} -index 0
stop
ps7_init
ps7_post_config
targets -set -nocase -filter {name =~ "microblaze*#0" && bscan=="USER2"  && jtag_cable_name =~ "Digilent JTAG-SMT1 210203823914A"} -index 1
rst -processor
targets -set -nocase -filter {name =~ "microblaze*#0" && bscan=="USER2"  && jtag_cable_name =~ "Digilent JTAG-SMT1 210203823914A"} -index 1
dow D:/ADS/SoC_intr/SoC_intr.sdk/test_intr/Debug/test_intr.elf
configparams force-mem-access 0
----------------End of Script----------------

15:31:24 INFO  : Memory regions updated for context APU
15:31:24 INFO  : Memory regions updated for context MicroBlaze #0
15:31:24 INFO  : Memory regions updated for context MicroBlaze #0
15:31:24 INFO  : Context for processor 'microblaze_0' is selected.
15:31:24 INFO  : 'con' command is executed.
15:31:24 INFO  : ----------------XSDB Script (After Launch)----------------
targets -set -nocase -filter {name =~ "microblaze*#0" && bscan=="USER2"  && jtag_cable_name =~ "Digilent JTAG-SMT1 210203823914A"} -index 1
con
----------------End of Script----------------

15:31:24 INFO  : Launch script is exported to file 'D:\ADS\SoC_intr\SoC_intr.sdk\.sdk\launch_scripts\xilinx_c-c++_application_(system_debugger)\system_debugger_using_debug_test_intr.elf_on_local.tcl'
15:32:21 INFO  : Disconnected from the channel tcfchan#1.
15:32:22 INFO  : 'targets -set -filter {jtag_cable_name =~ "Digilent JTAG-SMT1 210203823914A" && level==0} -index 1' command is executed.
15:32:22 INFO  : 'fpga -state' command is executed.
15:32:22 INFO  : Connected to target on host '127.0.0.1' and port '3121'.
15:32:23 INFO  : Jtag cable 'Digilent JTAG-SMT1 210203823914A' is selected.
15:32:23 INFO  : 'jtag frequency' command is executed.
15:32:23 INFO  : Sourcing of 'D:/ADS/SoC_intr/SoC_intr.sdk/design_1_wrapper_hw_platform_0/ps7_init.tcl' is done.
15:32:23 INFO  : Context for 'APU' is selected.
15:32:24 INFO  : Hardware design information is loaded from 'D:/ADS/SoC_intr/SoC_intr.sdk/design_1_wrapper_hw_platform_0/system.hdf'.
15:32:24 INFO  : 'configparams force-mem-access 1' command is executed.
15:32:24 INFO  : Context for 'APU' is selected.
15:32:24 INFO  : 'stop' command is executed.
15:32:25 INFO  : 'ps7_init' command is executed.
15:32:25 INFO  : 'ps7_post_config' command is executed.
15:32:25 INFO  : Context for processor 'microblaze_0' is selected.
15:32:25 INFO  : Processor reset is completed for 'microblaze_0'.
15:32:25 INFO  : Context for processor 'microblaze_0' is selected.
15:32:25 INFO  : The application 'D:/ADS/SoC_intr/SoC_intr.sdk/test_intr/Debug/test_intr.elf' is downloaded to processor 'microblaze_0'.
15:32:25 INFO  : 'configparams force-mem-access 0' command is executed.
15:32:25 INFO  : ----------------XSDB Script----------------
connect -url tcp:127.0.0.1:3121
source D:/ADS/SoC_intr/SoC_intr.sdk/design_1_wrapper_hw_platform_0/ps7_init.tcl
targets -set -nocase -filter {name =~"APU*" && jtag_cable_name =~ "Digilent JTAG-SMT1 210203823914A"} -index 0
loadhw -hw D:/ADS/SoC_intr/SoC_intr.sdk/design_1_wrapper_hw_platform_0/system.hdf -mem-ranges [list {0x40000000 0xbfffffff}]
configparams force-mem-access 1
targets -set -nocase -filter {name =~"APU*" && jtag_cable_name =~ "Digilent JTAG-SMT1 210203823914A"} -index 0
stop
ps7_init
ps7_post_config
targets -set -nocase -filter {name =~ "microblaze*#0" && bscan=="USER2"  && jtag_cable_name =~ "Digilent JTAG-SMT1 210203823914A"} -index 1
rst -processor
targets -set -nocase -filter {name =~ "microblaze*#0" && bscan=="USER2"  && jtag_cable_name =~ "Digilent JTAG-SMT1 210203823914A"} -index 1
dow D:/ADS/SoC_intr/SoC_intr.sdk/test_intr/Debug/test_intr.elf
configparams force-mem-access 0
----------------End of Script----------------

15:32:33 INFO  : Memory regions updated for context APU
15:32:33 INFO  : Memory regions updated for context MicroBlaze #0
15:32:33 INFO  : Memory regions updated for context MicroBlaze #0
15:32:33 INFO  : Context for processor 'microblaze_0' is selected.
15:32:33 INFO  : 'con' command is executed.
15:32:33 INFO  : ----------------XSDB Script (After Launch)----------------
targets -set -nocase -filter {name =~ "microblaze*#0" && bscan=="USER2"  && jtag_cable_name =~ "Digilent JTAG-SMT1 210203823914A"} -index 1
con
----------------End of Script----------------

15:32:33 INFO  : Launch script is exported to file 'D:\ADS\SoC_intr\SoC_intr.sdk\.sdk\launch_scripts\xilinx_c-c++_application_(system_debugger)\system_debugger_using_debug_test_intr.elf_on_local.tcl'
15:33:35 INFO  : Disconnected from the channel tcfchan#2.
15:33:36 INFO  : 'targets -set -filter {jtag_cable_name =~ "Digilent JTAG-SMT1 210203823914A" && level==0} -index 1' command is executed.
15:33:36 INFO  : 'fpga -state' command is executed.
15:33:36 INFO  : Connected to target on host '127.0.0.1' and port '3121'.
15:33:36 INFO  : Jtag cable 'Digilent JTAG-SMT1 210203823914A' is selected.
15:33:36 INFO  : 'jtag frequency' command is executed.
15:33:36 INFO  : Sourcing of 'D:/ADS/SoC_intr/SoC_intr.sdk/design_1_wrapper_hw_platform_0/ps7_init.tcl' is done.
15:33:37 INFO  : Context for 'APU' is selected.
15:33:38 INFO  : Hardware design information is loaded from 'D:/ADS/SoC_intr/SoC_intr.sdk/design_1_wrapper_hw_platform_0/system.hdf'.
15:33:38 INFO  : 'configparams force-mem-access 1' command is executed.
15:33:38 INFO  : Context for 'APU' is selected.
15:33:38 INFO  : 'stop' command is executed.
15:33:39 INFO  : 'ps7_init' command is executed.
15:33:39 INFO  : 'ps7_post_config' command is executed.
15:33:39 INFO  : Context for processor 'microblaze_0' is selected.
15:33:39 INFO  : Processor reset is completed for 'microblaze_0'.
15:33:39 INFO  : Context for processor 'microblaze_0' is selected.
15:33:39 INFO  : The application 'D:/ADS/SoC_intr/SoC_intr.sdk/test_intr/Debug/test_intr.elf' is downloaded to processor 'microblaze_0'.
15:33:39 INFO  : 'configparams force-mem-access 0' command is executed.
15:33:39 INFO  : ----------------XSDB Script----------------
connect -url tcp:127.0.0.1:3121
source D:/ADS/SoC_intr/SoC_intr.sdk/design_1_wrapper_hw_platform_0/ps7_init.tcl
targets -set -nocase -filter {name =~"APU*" && jtag_cable_name =~ "Digilent JTAG-SMT1 210203823914A"} -index 0
loadhw -hw D:/ADS/SoC_intr/SoC_intr.sdk/design_1_wrapper_hw_platform_0/system.hdf -mem-ranges [list {0x40000000 0xbfffffff}]
configparams force-mem-access 1
targets -set -nocase -filter {name =~"APU*" && jtag_cable_name =~ "Digilent JTAG-SMT1 210203823914A"} -index 0
stop
ps7_init
ps7_post_config
targets -set -nocase -filter {name =~ "microblaze*#0" && bscan=="USER2"  && jtag_cable_name =~ "Digilent JTAG-SMT1 210203823914A"} -index 1
rst -processor
targets -set -nocase -filter {name =~ "microblaze*#0" && bscan=="USER2"  && jtag_cable_name =~ "Digilent JTAG-SMT1 210203823914A"} -index 1
dow D:/ADS/SoC_intr/SoC_intr.sdk/test_intr/Debug/test_intr.elf
configparams force-mem-access 0
----------------End of Script----------------

15:33:47 INFO  : Memory regions updated for context APU
15:33:47 INFO  : Memory regions updated for context MicroBlaze #0
15:33:47 INFO  : Memory regions updated for context MicroBlaze #0
15:33:47 INFO  : Context for processor 'microblaze_0' is selected.
15:33:47 INFO  : 'con' command is executed.
15:33:47 INFO  : ----------------XSDB Script (After Launch)----------------
targets -set -nocase -filter {name =~ "microblaze*#0" && bscan=="USER2"  && jtag_cable_name =~ "Digilent JTAG-SMT1 210203823914A"} -index 1
con
----------------End of Script----------------

15:33:47 INFO  : Launch script is exported to file 'D:\ADS\SoC_intr\SoC_intr.sdk\.sdk\launch_scripts\xilinx_c-c++_application_(system_debugger)\system_debugger_using_debug_test_intr.elf_on_local.tcl'
15:34:12 INFO  : Connected to target on host '127.0.0.1' and port '3121'.
15:34:12 INFO  : 'targets -set -filter {jtag_cable_name =~ "Digilent JTAG-SMT1 210203823914A" && level==0} -index 1' command is executed.
15:34:14 INFO  : FPGA configured successfully with bitstream "D:/ADS/SoC_intr/SoC_intr.sdk/design_1_wrapper_hw_platform_0/download.bit"
15:34:29 INFO  : Disconnected from the channel tcfchan#3.
15:34:30 INFO  : 'targets -set -filter {jtag_cable_name =~ "Digilent JTAG-SMT1 210203823914A" && level==0} -index 1' command is executed.
15:34:30 INFO  : 'fpga -state' command is executed.
15:34:30 INFO  : Connected to target on host '127.0.0.1' and port '3121'.
15:34:30 INFO  : Jtag cable 'Digilent JTAG-SMT1 210203823914A' is selected.
15:34:30 INFO  : 'jtag frequency' command is executed.
15:34:30 INFO  : Sourcing of 'D:/ADS/SoC_intr/SoC_intr.sdk/design_1_wrapper_hw_platform_0/ps7_init.tcl' is done.
15:34:30 INFO  : Context for 'APU' is selected.
15:34:32 INFO  : Hardware design information is loaded from 'D:/ADS/SoC_intr/SoC_intr.sdk/design_1_wrapper_hw_platform_0/system.hdf'.
15:34:32 INFO  : 'configparams force-mem-access 1' command is executed.
15:34:32 INFO  : Context for 'APU' is selected.
15:34:32 INFO  : 'stop' command is executed.
15:34:32 INFO  : 'ps7_init' command is executed.
15:34:32 INFO  : 'ps7_post_config' command is executed.
15:34:32 INFO  : Context for processor 'microblaze_0' is selected.
15:34:32 INFO  : Processor reset is completed for 'microblaze_0'.
15:34:32 INFO  : Context for processor 'microblaze_0' is selected.
15:34:32 INFO  : The application 'D:/ADS/SoC_intr/SoC_intr.sdk/test_intr/Debug/test_intr.elf' is downloaded to processor 'microblaze_0'.
15:34:32 INFO  : 'configparams force-mem-access 0' command is executed.
15:34:32 INFO  : ----------------XSDB Script----------------
connect -url tcp:127.0.0.1:3121
source D:/ADS/SoC_intr/SoC_intr.sdk/design_1_wrapper_hw_platform_0/ps7_init.tcl
targets -set -nocase -filter {name =~"APU*" && jtag_cable_name =~ "Digilent JTAG-SMT1 210203823914A"} -index 0
loadhw -hw D:/ADS/SoC_intr/SoC_intr.sdk/design_1_wrapper_hw_platform_0/system.hdf -mem-ranges [list {0x40000000 0xbfffffff}]
configparams force-mem-access 1
targets -set -nocase -filter {name =~"APU*" && jtag_cable_name =~ "Digilent JTAG-SMT1 210203823914A"} -index 0
stop
ps7_init
ps7_post_config
targets -set -nocase -filter {name =~ "microblaze*#0" && bscan=="USER2"  && jtag_cable_name =~ "Digilent JTAG-SMT1 210203823914A"} -index 1
rst -processor
targets -set -nocase -filter {name =~ "microblaze*#0" && bscan=="USER2"  && jtag_cable_name =~ "Digilent JTAG-SMT1 210203823914A"} -index 1
dow D:/ADS/SoC_intr/SoC_intr.sdk/test_intr/Debug/test_intr.elf
configparams force-mem-access 0
----------------End of Script----------------

15:34:40 INFO  : Memory regions updated for context APU
15:34:40 INFO  : Memory regions updated for context MicroBlaze #0
15:34:40 INFO  : Memory regions updated for context MicroBlaze #0
15:34:40 INFO  : Context for processor 'microblaze_0' is selected.
15:34:40 INFO  : 'con' command is executed.
15:34:40 INFO  : ----------------XSDB Script (After Launch)----------------
targets -set -nocase -filter {name =~ "microblaze*#0" && bscan=="USER2"  && jtag_cable_name =~ "Digilent JTAG-SMT1 210203823914A"} -index 1
con
----------------End of Script----------------

15:34:40 INFO  : Launch script is exported to file 'D:\ADS\SoC_intr\SoC_intr.sdk\.sdk\launch_scripts\xilinx_c-c++_application_(system_debugger)\system_debugger_using_debug_test_intr.elf_on_local.tcl'
15:36:32 INFO  : Disconnected from the channel tcfchan#4.
15:36:33 INFO  : 'targets -set -filter {jtag_cable_name =~ "Digilent JTAG-SMT1 210203823914A" && level==0} -index 1' command is executed.
15:36:33 INFO  : 'fpga -state' command is executed.
15:36:33 INFO  : Connected to target on host '127.0.0.1' and port '3121'.
15:36:33 INFO  : Jtag cable 'Digilent JTAG-SMT1 210203823914A' is selected.
15:36:33 INFO  : 'jtag frequency' command is executed.
15:36:33 INFO  : Sourcing of 'D:/ADS/SoC_intr/SoC_intr.sdk/design_1_wrapper_hw_platform_0/ps7_init.tcl' is done.
15:36:33 INFO  : Context for 'APU' is selected.
15:36:34 INFO  : Hardware design information is loaded from 'D:/ADS/SoC_intr/SoC_intr.sdk/design_1_wrapper_hw_platform_0/system.hdf'.
15:36:34 INFO  : 'configparams force-mem-access 1' command is executed.
15:36:34 INFO  : Context for 'APU' is selected.
15:36:34 INFO  : 'stop' command is executed.
15:36:34 ERROR : Memory read error at 0xF8007080. AHB AP transaction error, DAP status f0000021
15:36:34 INFO  : ----------------XSDB Script----------------
connect -url tcp:127.0.0.1:3121
source D:/ADS/SoC_intr/SoC_intr.sdk/design_1_wrapper_hw_platform_0/ps7_init.tcl
targets -set -nocase -filter {name =~"APU*" && jtag_cable_name =~ "Digilent JTAG-SMT1 210203823914A"} -index 0
loadhw -hw D:/ADS/SoC_intr/SoC_intr.sdk/design_1_wrapper_hw_platform_0/system.hdf -mem-ranges [list {0x40000000 0xbfffffff}]
configparams force-mem-access 1
targets -set -nocase -filter {name =~"APU*" && jtag_cable_name =~ "Digilent JTAG-SMT1 210203823914A"} -index 0
stop
ps7_init
----------------End of Script----------------

15:36:57 INFO  : Connected to target on host '127.0.0.1' and port '3121'.
15:36:57 INFO  : 'targets -set -filter {jtag_cable_name =~ "Digilent JTAG-SMT1 210203823914A" && level==0} -index 1' command is executed.
15:37:01 ERROR : fpga configuration failed. DONE PIN is not HIGH
15:37:33 INFO  : Connected to target on host '127.0.0.1' and port '3121'.
15:37:33 INFO  : 'targets -set -filter {jtag_cable_name =~ "Digilent JTAG-SMT1 210203823914A" && level==0} -index 1' command is executed.
15:37:36 INFO  : FPGA configured successfully with bitstream "D:/ADS/SoC_intr/SoC_intr.sdk/design_1_wrapper_hw_platform_0/download.bit"
15:37:46 INFO  : 'targets -set -filter {jtag_cable_name =~ "Digilent JTAG-SMT1 210203823914A" && level==0} -index 1' command is executed.
15:37:46 INFO  : 'fpga -state' command is executed.
15:37:46 INFO  : Connected to target on host '127.0.0.1' and port '3121'.
15:37:46 INFO  : Jtag cable 'Digilent JTAG-SMT1 210203823914A' is selected.
15:37:46 INFO  : 'jtag frequency' command is executed.
15:37:46 INFO  : Sourcing of 'D:/ADS/SoC_intr/SoC_intr.sdk/design_1_wrapper_hw_platform_0/ps7_init.tcl' is done.
15:37:46 INFO  : Context for 'APU' is selected.
15:37:46 INFO  : Hardware design information is loaded from 'D:/ADS/SoC_intr/SoC_intr.sdk/design_1_wrapper_hw_platform_0/system.hdf'.
15:37:46 INFO  : 'configparams force-mem-access 1' command is executed.
15:37:46 INFO  : Context for 'APU' is selected.
15:37:46 INFO  : 'stop' command is executed.
15:37:46 INFO  : 'ps7_init' command is executed.
15:37:46 INFO  : 'ps7_post_config' command is executed.
15:37:46 INFO  : Context for processor 'microblaze_0' is selected.
15:37:46 INFO  : Processor reset is completed for 'microblaze_0'.
15:37:46 INFO  : Context for processor 'microblaze_0' is selected.
15:37:46 INFO  : The application 'D:/ADS/SoC_intr/SoC_intr.sdk/test_intr/Debug/test_intr.elf' is downloaded to processor 'microblaze_0'.
15:37:46 INFO  : 'configparams force-mem-access 0' command is executed.
15:37:46 INFO  : ----------------XSDB Script----------------
connect -url tcp:127.0.0.1:3121
source D:/ADS/SoC_intr/SoC_intr.sdk/design_1_wrapper_hw_platform_0/ps7_init.tcl
targets -set -nocase -filter {name =~"APU*" && jtag_cable_name =~ "Digilent JTAG-SMT1 210203823914A"} -index 0
loadhw -hw D:/ADS/SoC_intr/SoC_intr.sdk/design_1_wrapper_hw_platform_0/system.hdf -mem-ranges [list {0x40000000 0xbfffffff}]
configparams force-mem-access 1
targets -set -nocase -filter {name =~"APU*" && jtag_cable_name =~ "Digilent JTAG-SMT1 210203823914A"} -index 0
stop
ps7_init
ps7_post_config
targets -set -nocase -filter {name =~ "microblaze*#0" && bscan=="USER2"  && jtag_cable_name =~ "Digilent JTAG-SMT1 210203823914A"} -index 1
rst -processor
targets -set -nocase -filter {name =~ "microblaze*#0" && bscan=="USER2"  && jtag_cable_name =~ "Digilent JTAG-SMT1 210203823914A"} -index 1
dow D:/ADS/SoC_intr/SoC_intr.sdk/test_intr/Debug/test_intr.elf
configparams force-mem-access 0
----------------End of Script----------------

15:37:54 INFO  : Memory regions updated for context APU
15:37:54 INFO  : Memory regions updated for context MicroBlaze #0
15:37:54 INFO  : Memory regions updated for context MicroBlaze #0
15:37:54 INFO  : Context for processor 'microblaze_0' is selected.
15:37:54 INFO  : 'con' command is executed.
15:37:54 INFO  : ----------------XSDB Script (After Launch)----------------
targets -set -nocase -filter {name =~ "microblaze*#0" && bscan=="USER2"  && jtag_cable_name =~ "Digilent JTAG-SMT1 210203823914A"} -index 1
con
----------------End of Script----------------

15:37:54 INFO  : Launch script is exported to file 'D:\ADS\SoC_intr\SoC_intr.sdk\.sdk\launch_scripts\xilinx_c-c++_application_(system_debugger)\system_debugger_using_debug_test_intr.elf_on_local.tcl'
15:48:13 INFO  : Disconnected from the channel tcfchan#5.
15:49:00 INFO  : Connected to target on host '127.0.0.1' and port '3121'.
15:49:00 INFO  : 'targets -set -filter {jtag_cable_name =~ "Digilent JTAG-SMT1 210203823914A" && level==0} -index 1' command is executed.
15:49:02 INFO  : FPGA configured successfully with bitstream "D:/ADS/SoC_intr/SoC_intr.sdk/design_1_wrapper_hw_platform_0/download.bit"
15:49:08 INFO  : 'targets -set -filter {jtag_cable_name =~ "Digilent JTAG-SMT1 210203823914A" && level==0} -index 1' command is executed.
15:49:08 INFO  : 'fpga -state' command is executed.
15:49:08 INFO  : Connected to target on host '127.0.0.1' and port '3121'.
15:49:08 INFO  : Jtag cable 'Digilent JTAG-SMT1 210203823914A' is selected.
15:49:08 INFO  : 'jtag frequency' command is executed.
15:49:08 INFO  : Sourcing of 'D:/ADS/SoC_intr/SoC_intr.sdk/design_1_wrapper_hw_platform_0/ps7_init.tcl' is done.
15:49:08 INFO  : Context for 'APU' is selected.
15:49:08 INFO  : Hardware design information is loaded from 'D:/ADS/SoC_intr/SoC_intr.sdk/design_1_wrapper_hw_platform_0/system.hdf'.
15:49:08 INFO  : 'configparams force-mem-access 1' command is executed.
15:49:08 INFO  : Context for 'APU' is selected.
15:49:08 INFO  : 'stop' command is executed.
15:49:09 INFO  : 'ps7_init' command is executed.
15:49:09 INFO  : 'ps7_post_config' command is executed.
15:49:09 INFO  : Context for processor 'microblaze_0' is selected.
15:49:09 INFO  : Processor reset is completed for 'microblaze_0'.
15:49:09 INFO  : Context for processor 'microblaze_0' is selected.
15:49:09 INFO  : The application 'D:/ADS/SoC_intr/SoC_intr.sdk/test_intr/Debug/test_intr.elf' is downloaded to processor 'microblaze_0'.
15:49:09 INFO  : 'configparams force-mem-access 0' command is executed.
15:49:09 INFO  : ----------------XSDB Script----------------
connect -url tcp:127.0.0.1:3121
source D:/ADS/SoC_intr/SoC_intr.sdk/design_1_wrapper_hw_platform_0/ps7_init.tcl
targets -set -nocase -filter {name =~"APU*" && jtag_cable_name =~ "Digilent JTAG-SMT1 210203823914A"} -index 0
loadhw -hw D:/ADS/SoC_intr/SoC_intr.sdk/design_1_wrapper_hw_platform_0/system.hdf -mem-ranges [list {0x40000000 0xbfffffff}]
configparams force-mem-access 1
targets -set -nocase -filter {name =~"APU*" && jtag_cable_name =~ "Digilent JTAG-SMT1 210203823914A"} -index 0
stop
ps7_init
ps7_post_config
targets -set -nocase -filter {name =~ "microblaze*#0" && bscan=="USER2"  && jtag_cable_name =~ "Digilent JTAG-SMT1 210203823914A"} -index 1
rst -processor
targets -set -nocase -filter {name =~ "microblaze*#0" && bscan=="USER2"  && jtag_cable_name =~ "Digilent JTAG-SMT1 210203823914A"} -index 1
dow D:/ADS/SoC_intr/SoC_intr.sdk/test_intr/Debug/test_intr.elf
configparams force-mem-access 0
----------------End of Script----------------

15:49:10 INFO  : Memory regions updated for context APU
15:49:10 INFO  : Memory regions updated for context MicroBlaze #0
15:49:10 INFO  : Memory regions updated for context MicroBlaze #0
15:49:10 INFO  : Context for processor 'microblaze_0' is selected.
15:49:10 INFO  : 'con' command is executed.
15:49:10 INFO  : ----------------XSDB Script (After Launch)----------------
targets -set -nocase -filter {name =~ "microblaze*#0" && bscan=="USER2"  && jtag_cable_name =~ "Digilent JTAG-SMT1 210203823914A"} -index 1
con
----------------End of Script----------------

15:49:10 INFO  : Launch script is exported to file 'D:\ADS\SoC_intr\SoC_intr.sdk\.sdk\launch_scripts\xilinx_c-c++_application_(system_debugger)\system_debugger_using_debug_test_intr.elf_on_local.tcl'
16:26:13 INFO  : Disconnected from the channel tcfchan#6.
16:26:14 INFO  : 'targets -set -filter {jtag_cable_name =~ "Digilent JTAG-SMT1 210203823914A" && level==0} -index 1' command is executed.
16:26:14 INFO  : 'fpga -state' command is executed.
16:26:14 INFO  : Connected to target on host '127.0.0.1' and port '3121'.
16:26:14 INFO  : Jtag cable 'Digilent JTAG-SMT1 210203823914A' is selected.
16:26:14 INFO  : 'jtag frequency' command is executed.
16:26:14 INFO  : Sourcing of 'D:/ADS/SoC_intr/SoC_intr.sdk/design_1_wrapper_hw_platform_0/ps7_init.tcl' is done.
16:26:14 INFO  : Context for 'APU' is selected.
16:26:16 INFO  : Hardware design information is loaded from 'D:/ADS/SoC_intr/SoC_intr.sdk/design_1_wrapper_hw_platform_0/system.hdf'.
16:26:16 INFO  : 'configparams force-mem-access 1' command is executed.
16:26:16 INFO  : Context for 'APU' is selected.
16:26:16 INFO  : 'stop' command is executed.
16:26:16 INFO  : 'ps7_init' command is executed.
16:26:16 INFO  : 'ps7_post_config' command is executed.
16:26:16 INFO  : Context for processor 'microblaze_0' is selected.
16:26:16 INFO  : Processor reset is completed for 'microblaze_0'.
16:26:16 INFO  : Context for processor 'microblaze_0' is selected.
16:26:16 INFO  : The application 'D:/ADS/SoC_intr/SoC_intr.sdk/test_intr/Debug/test_intr.elf' is downloaded to processor 'microblaze_0'.
16:26:16 INFO  : 'configparams force-mem-access 0' command is executed.
16:26:16 INFO  : ----------------XSDB Script----------------
connect -url tcp:127.0.0.1:3121
source D:/ADS/SoC_intr/SoC_intr.sdk/design_1_wrapper_hw_platform_0/ps7_init.tcl
targets -set -nocase -filter {name =~"APU*" && jtag_cable_name =~ "Digilent JTAG-SMT1 210203823914A"} -index 0
loadhw -hw D:/ADS/SoC_intr/SoC_intr.sdk/design_1_wrapper_hw_platform_0/system.hdf -mem-ranges [list {0x40000000 0xbfffffff}]
configparams force-mem-access 1
targets -set -nocase -filter {name =~"APU*" && jtag_cable_name =~ "Digilent JTAG-SMT1 210203823914A"} -index 0
stop
ps7_init
ps7_post_config
targets -set -nocase -filter {name =~ "microblaze*#0" && bscan=="USER2"  && jtag_cable_name =~ "Digilent JTAG-SMT1 210203823914A"} -index 1
rst -processor
targets -set -nocase -filter {name =~ "microblaze*#0" && bscan=="USER2"  && jtag_cable_name =~ "Digilent JTAG-SMT1 210203823914A"} -index 1
dow D:/ADS/SoC_intr/SoC_intr.sdk/test_intr/Debug/test_intr.elf
configparams force-mem-access 0
----------------End of Script----------------

16:26:18 INFO  : Memory regions updated for context APU
16:26:18 INFO  : Memory regions updated for context MicroBlaze #0
16:26:18 INFO  : Memory regions updated for context MicroBlaze #0
16:26:18 INFO  : Context for processor 'microblaze_0' is selected.
16:26:18 INFO  : 'con' command is executed.
16:26:18 INFO  : ----------------XSDB Script (After Launch)----------------
targets -set -nocase -filter {name =~ "microblaze*#0" && bscan=="USER2"  && jtag_cable_name =~ "Digilent JTAG-SMT1 210203823914A"} -index 1
con
----------------End of Script----------------

16:26:18 INFO  : Launch script is exported to file 'D:\ADS\SoC_intr\SoC_intr.sdk\.sdk\launch_scripts\xilinx_c-c++_application_(system_debugger)\system_debugger_using_debug_test_intr.elf_on_local.tcl'
16:27:47 INFO  : Connected to target on host '127.0.0.1' and port '3121'.
16:27:47 INFO  : 'targets -set -filter {jtag_cable_name =~ "Digilent JTAG-SMT1 210203823914A" && level==0} -index 1' command is executed.
16:27:49 INFO  : FPGA configured successfully with bitstream "D:/ADS/SoC_intr/SoC_intr.sdk/design_1_wrapper_hw_platform_0/download.bit"
16:28:07 INFO  : Disconnected from the channel tcfchan#7.
16:28:08 INFO  : 'targets -set -filter {jtag_cable_name =~ "Digilent JTAG-SMT1 210203823914A" && level==0} -index 1' command is executed.
16:28:08 INFO  : 'fpga -state' command is executed.
16:28:08 INFO  : Connected to target on host '127.0.0.1' and port '3121'.
16:28:08 INFO  : Jtag cable 'Digilent JTAG-SMT1 210203823914A' is selected.
16:28:08 INFO  : 'jtag frequency' command is executed.
16:28:08 INFO  : Sourcing of 'D:/ADS/SoC_intr/SoC_intr.sdk/design_1_wrapper_hw_platform_0/ps7_init.tcl' is done.
16:28:08 INFO  : Context for 'APU' is selected.
16:28:10 INFO  : Hardware design information is loaded from 'D:/ADS/SoC_intr/SoC_intr.sdk/design_1_wrapper_hw_platform_0/system.hdf'.
16:28:10 INFO  : 'configparams force-mem-access 1' command is executed.
16:28:10 INFO  : Context for 'APU' is selected.
16:28:10 INFO  : 'stop' command is executed.
16:28:10 INFO  : 'ps7_init' command is executed.
16:28:10 INFO  : 'ps7_post_config' command is executed.
16:28:11 INFO  : Context for processor 'microblaze_0' is selected.
16:28:11 INFO  : Processor reset is completed for 'microblaze_0'.
16:28:11 INFO  : Context for processor 'microblaze_0' is selected.
16:28:11 INFO  : The application 'D:/ADS/SoC_intr/SoC_intr.sdk/test_intr/Debug/test_intr.elf' is downloaded to processor 'microblaze_0'.
16:28:11 INFO  : 'configparams force-mem-access 0' command is executed.
16:28:11 INFO  : ----------------XSDB Script----------------
connect -url tcp:127.0.0.1:3121
source D:/ADS/SoC_intr/SoC_intr.sdk/design_1_wrapper_hw_platform_0/ps7_init.tcl
targets -set -nocase -filter {name =~"APU*" && jtag_cable_name =~ "Digilent JTAG-SMT1 210203823914A"} -index 0
loadhw -hw D:/ADS/SoC_intr/SoC_intr.sdk/design_1_wrapper_hw_platform_0/system.hdf -mem-ranges [list {0x40000000 0xbfffffff}]
configparams force-mem-access 1
targets -set -nocase -filter {name =~"APU*" && jtag_cable_name =~ "Digilent JTAG-SMT1 210203823914A"} -index 0
stop
ps7_init
ps7_post_config
targets -set -nocase -filter {name =~ "microblaze*#0" && bscan=="USER2"  && jtag_cable_name =~ "Digilent JTAG-SMT1 210203823914A"} -index 1
rst -processor
targets -set -nocase -filter {name =~ "microblaze*#0" && bscan=="USER2"  && jtag_cable_name =~ "Digilent JTAG-SMT1 210203823914A"} -index 1
dow D:/ADS/SoC_intr/SoC_intr.sdk/test_intr/Debug/test_intr.elf
configparams force-mem-access 0
----------------End of Script----------------

16:28:12 INFO  : Memory regions updated for context APU
16:28:12 INFO  : Memory regions updated for context MicroBlaze #0
16:28:12 INFO  : Memory regions updated for context MicroBlaze #0
16:28:12 INFO  : Context for processor 'microblaze_0' is selected.
16:28:12 INFO  : 'con' command is executed.
16:28:12 INFO  : ----------------XSDB Script (After Launch)----------------
targets -set -nocase -filter {name =~ "microblaze*#0" && bscan=="USER2"  && jtag_cable_name =~ "Digilent JTAG-SMT1 210203823914A"} -index 1
con
----------------End of Script----------------

16:28:12 INFO  : Launch script is exported to file 'D:\ADS\SoC_intr\SoC_intr.sdk\.sdk\launch_scripts\xilinx_c-c++_application_(system_debugger)\system_debugger_using_debug_test_intr.elf_on_local.tcl'
16:29:47 INFO  : Connected to target on host '127.0.0.1' and port '3121'.
16:29:47 INFO  : 'targets -set -filter {jtag_cable_name =~ "Digilent JTAG-SMT1 210203823914A" && level==0} -index 1' command is executed.
16:29:49 INFO  : FPGA configured successfully with bitstream "D:/ADS/SoC_intr/SoC_intr.sdk/design_1_wrapper_hw_platform_0/download.bit"
16:30:12 INFO  : Disconnected from the channel tcfchan#8.
16:30:13 INFO  : 'targets -set -filter {jtag_cable_name =~ "Digilent JTAG-SMT1 210203823914A" && level==0} -index 1' command is executed.
16:30:13 INFO  : 'fpga -state' command is executed.
16:30:13 INFO  : Connected to target on host '127.0.0.1' and port '3121'.
16:30:13 INFO  : Jtag cable 'Digilent JTAG-SMT1 210203823914A' is selected.
16:30:13 INFO  : 'jtag frequency' command is executed.
16:30:13 INFO  : Sourcing of 'D:/ADS/SoC_intr/SoC_intr.sdk/design_1_wrapper_hw_platform_0/ps7_init.tcl' is done.
16:30:13 INFO  : Context for 'APU' is selected.
16:30:15 INFO  : Hardware design information is loaded from 'D:/ADS/SoC_intr/SoC_intr.sdk/design_1_wrapper_hw_platform_0/system.hdf'.
16:30:15 INFO  : 'configparams force-mem-access 1' command is executed.
16:30:15 INFO  : Context for 'APU' is selected.
16:30:15 INFO  : 'stop' command is executed.
16:30:15 INFO  : 'ps7_init' command is executed.
16:30:15 INFO  : 'ps7_post_config' command is executed.
16:30:15 INFO  : Context for processor 'microblaze_0' is selected.
16:30:15 INFO  : Processor reset is completed for 'microblaze_0'.
16:30:15 INFO  : Context for processor 'microblaze_0' is selected.
16:30:16 INFO  : The application 'D:/ADS/SoC_intr/SoC_intr.sdk/test_intr/Debug/test_intr.elf' is downloaded to processor 'microblaze_0'.
16:30:16 INFO  : 'configparams force-mem-access 0' command is executed.
16:30:16 INFO  : ----------------XSDB Script----------------
connect -url tcp:127.0.0.1:3121
source D:/ADS/SoC_intr/SoC_intr.sdk/design_1_wrapper_hw_platform_0/ps7_init.tcl
targets -set -nocase -filter {name =~"APU*" && jtag_cable_name =~ "Digilent JTAG-SMT1 210203823914A"} -index 0
loadhw -hw D:/ADS/SoC_intr/SoC_intr.sdk/design_1_wrapper_hw_platform_0/system.hdf -mem-ranges [list {0x40000000 0xbfffffff}]
configparams force-mem-access 1
targets -set -nocase -filter {name =~"APU*" && jtag_cable_name =~ "Digilent JTAG-SMT1 210203823914A"} -index 0
stop
ps7_init
ps7_post_config
targets -set -nocase -filter {name =~ "microblaze*#0" && bscan=="USER2"  && jtag_cable_name =~ "Digilent JTAG-SMT1 210203823914A"} -index 1
rst -processor
targets -set -nocase -filter {name =~ "microblaze*#0" && bscan=="USER2"  && jtag_cable_name =~ "Digilent JTAG-SMT1 210203823914A"} -index 1
dow D:/ADS/SoC_intr/SoC_intr.sdk/test_intr/Debug/test_intr.elf
configparams force-mem-access 0
----------------End of Script----------------

16:30:17 INFO  : Memory regions updated for context APU
16:30:17 INFO  : Memory regions updated for context MicroBlaze #0
16:30:17 INFO  : Memory regions updated for context MicroBlaze #0
16:30:17 INFO  : Context for processor 'microblaze_0' is selected.
16:30:17 INFO  : 'con' command is executed.
16:30:17 INFO  : ----------------XSDB Script (After Launch)----------------
targets -set -nocase -filter {name =~ "microblaze*#0" && bscan=="USER2"  && jtag_cable_name =~ "Digilent JTAG-SMT1 210203823914A"} -index 1
con
----------------End of Script----------------

16:30:17 INFO  : Launch script is exported to file 'D:\ADS\SoC_intr\SoC_intr.sdk\.sdk\launch_scripts\xilinx_c-c++_application_(system_debugger)\system_debugger_using_debug_test_intr.elf_on_local.tcl'
17:47:22 INFO  : Connected to target on host '127.0.0.1' and port '3121'.
17:47:22 INFO  : 'targets -set -filter {jtag_cable_name =~ "Digilent JTAG-SMT1 210203823914A" && level==0} -index 1' command is executed.
17:47:24 INFO  : FPGA configured successfully with bitstream "D:/ADS/SoC_intr/SoC_intr.sdk/design_1_wrapper_hw_platform_0/download.bit"
17:48:00 INFO  : Disconnected from the channel tcfchan#9.
17:48:01 INFO  : 'targets -set -filter {jtag_cable_name =~ "Digilent JTAG-SMT1 210203823914A" && level==0} -index 1' command is executed.
17:48:01 INFO  : 'fpga -state' command is executed.
17:48:01 INFO  : Connected to target on host '127.0.0.1' and port '3121'.
17:48:01 INFO  : Jtag cable 'Digilent JTAG-SMT1 210203823914A' is selected.
17:48:01 INFO  : 'jtag frequency' command is executed.
17:48:01 INFO  : Sourcing of 'D:/ADS/SoC_intr/SoC_intr.sdk/design_1_wrapper_hw_platform_0/ps7_init.tcl' is done.
17:48:01 INFO  : Context for 'APU' is selected.
17:48:03 INFO  : Hardware design information is loaded from 'D:/ADS/SoC_intr/SoC_intr.sdk/design_1_wrapper_hw_platform_0/system.hdf'.
17:48:03 INFO  : 'configparams force-mem-access 1' command is executed.
17:48:03 INFO  : Context for 'APU' is selected.
17:48:03 INFO  : 'stop' command is executed.
17:48:03 INFO  : 'ps7_init' command is executed.
17:48:03 INFO  : 'ps7_post_config' command is executed.
17:48:03 INFO  : Context for processor 'microblaze_0' is selected.
17:48:03 INFO  : Processor reset is completed for 'microblaze_0'.
17:48:03 INFO  : Context for processor 'microblaze_0' is selected.
17:48:04 INFO  : The application 'D:/ADS/SoC_intr/SoC_intr.sdk/test_intr/Debug/test_intr.elf' is downloaded to processor 'microblaze_0'.
17:48:04 INFO  : 'configparams force-mem-access 0' command is executed.
17:48:04 INFO  : ----------------XSDB Script----------------
connect -url tcp:127.0.0.1:3121
source D:/ADS/SoC_intr/SoC_intr.sdk/design_1_wrapper_hw_platform_0/ps7_init.tcl
targets -set -nocase -filter {name =~"APU*" && jtag_cable_name =~ "Digilent JTAG-SMT1 210203823914A"} -index 0
loadhw -hw D:/ADS/SoC_intr/SoC_intr.sdk/design_1_wrapper_hw_platform_0/system.hdf -mem-ranges [list {0x40000000 0xbfffffff}]
configparams force-mem-access 1
targets -set -nocase -filter {name =~"APU*" && jtag_cable_name =~ "Digilent JTAG-SMT1 210203823914A"} -index 0
stop
ps7_init
ps7_post_config
targets -set -nocase -filter {name =~ "microblaze*#0" && bscan=="USER2"  && jtag_cable_name =~ "Digilent JTAG-SMT1 210203823914A"} -index 1
rst -processor
targets -set -nocase -filter {name =~ "microblaze*#0" && bscan=="USER2"  && jtag_cable_name =~ "Digilent JTAG-SMT1 210203823914A"} -index 1
dow D:/ADS/SoC_intr/SoC_intr.sdk/test_intr/Debug/test_intr.elf
configparams force-mem-access 0
----------------End of Script----------------

17:48:05 INFO  : Memory regions updated for context APU
17:48:05 INFO  : Memory regions updated for context MicroBlaze #0
17:48:05 INFO  : Memory regions updated for context MicroBlaze #0
17:48:05 INFO  : Context for processor 'microblaze_0' is selected.
17:48:05 INFO  : 'con' command is executed.
17:48:05 INFO  : ----------------XSDB Script (After Launch)----------------
targets -set -nocase -filter {name =~ "microblaze*#0" && bscan=="USER2"  && jtag_cable_name =~ "Digilent JTAG-SMT1 210203823914A"} -index 1
con
----------------End of Script----------------

17:48:05 INFO  : Launch script is exported to file 'D:\ADS\SoC_intr\SoC_intr.sdk\.sdk\launch_scripts\xilinx_c-c++_application_(system_debugger)\system_debugger_using_debug_test_intr.elf_on_local.tcl'
17:53:42 INFO  : Disconnected from the channel tcfchan#10.
17:54:26 INFO  : Connected to target on host '127.0.0.1' and port '3121'.
17:54:26 INFO  : 'targets -set -filter {jtag_cable_name =~ "Digilent JTAG-SMT1 210203823914A" && level==0} -index 1' command is executed.
17:54:28 INFO  : FPGA configured successfully with bitstream "D:/ADS/SoC_intr/SoC_intr.sdk/design_1_wrapper_hw_platform_0/download.bit"
17:54:38 INFO  : 'targets -set -filter {jtag_cable_name =~ "Digilent JTAG-SMT1 210203823914A" && level==0} -index 1' command is executed.
17:54:38 INFO  : 'fpga -state' command is executed.
17:54:38 INFO  : Connected to target on host '127.0.0.1' and port '3121'.
17:54:38 INFO  : Jtag cable 'Digilent JTAG-SMT1 210203823914A' is selected.
17:54:38 INFO  : 'jtag frequency' command is executed.
17:54:38 INFO  : Sourcing of 'D:/ADS/SoC_intr/SoC_intr.sdk/design_1_wrapper_hw_platform_0/ps7_init.tcl' is done.
17:54:38 INFO  : Context for 'APU' is selected.
17:54:38 INFO  : Hardware design information is loaded from 'D:/ADS/SoC_intr/SoC_intr.sdk/design_1_wrapper_hw_platform_0/system.hdf'.
17:54:38 INFO  : 'configparams force-mem-access 1' command is executed.
17:54:38 INFO  : Context for 'APU' is selected.
17:54:38 INFO  : 'stop' command is executed.
17:54:39 INFO  : 'ps7_init' command is executed.
17:54:39 INFO  : 'ps7_post_config' command is executed.
17:54:39 INFO  : Context for processor 'microblaze_0' is selected.
17:54:39 INFO  : Processor reset is completed for 'microblaze_0'.
17:54:39 INFO  : Context for processor 'microblaze_0' is selected.
17:54:39 INFO  : The application 'D:/ADS/SoC_intr/SoC_intr.sdk/test_intr/Debug/test_intr.elf' is downloaded to processor 'microblaze_0'.
17:54:39 INFO  : 'configparams force-mem-access 0' command is executed.
17:54:39 INFO  : ----------------XSDB Script----------------
connect -url tcp:127.0.0.1:3121
source D:/ADS/SoC_intr/SoC_intr.sdk/design_1_wrapper_hw_platform_0/ps7_init.tcl
targets -set -nocase -filter {name =~"APU*" && jtag_cable_name =~ "Digilent JTAG-SMT1 210203823914A"} -index 0
loadhw -hw D:/ADS/SoC_intr/SoC_intr.sdk/design_1_wrapper_hw_platform_0/system.hdf -mem-ranges [list {0x40000000 0xbfffffff}]
configparams force-mem-access 1
targets -set -nocase -filter {name =~"APU*" && jtag_cable_name =~ "Digilent JTAG-SMT1 210203823914A"} -index 0
stop
ps7_init
ps7_post_config
targets -set -nocase -filter {name =~ "microblaze*#0" && bscan=="USER2"  && jtag_cable_name =~ "Digilent JTAG-SMT1 210203823914A"} -index 1
rst -processor
targets -set -nocase -filter {name =~ "microblaze*#0" && bscan=="USER2"  && jtag_cable_name =~ "Digilent JTAG-SMT1 210203823914A"} -index 1
dow D:/ADS/SoC_intr/SoC_intr.sdk/test_intr/Debug/test_intr.elf
configparams force-mem-access 0
----------------End of Script----------------

17:54:40 INFO  : Memory regions updated for context APU
17:54:40 INFO  : Memory regions updated for context MicroBlaze #0
17:54:40 INFO  : Memory regions updated for context MicroBlaze #0
17:54:40 INFO  : Context for processor 'microblaze_0' is selected.
17:54:40 INFO  : 'con' command is executed.
17:54:40 INFO  : ----------------XSDB Script (After Launch)----------------
targets -set -nocase -filter {name =~ "microblaze*#0" && bscan=="USER2"  && jtag_cable_name =~ "Digilent JTAG-SMT1 210203823914A"} -index 1
con
----------------End of Script----------------

17:54:40 INFO  : Launch script is exported to file 'D:\ADS\SoC_intr\SoC_intr.sdk\.sdk\launch_scripts\xilinx_c-c++_application_(system_debugger)\system_debugger_using_debug_test_intr.elf_on_local.tcl'
17:55:05 INFO  : Disconnected from the channel tcfchan#11.
17:55:06 INFO  : 'targets -set -filter {jtag_cable_name =~ "Digilent JTAG-SMT1 210203823914A" && level==0} -index 1' command is executed.
17:55:06 INFO  : 'fpga -state' command is executed.
17:55:06 INFO  : Connected to target on host '127.0.0.1' and port '3121'.
17:55:06 INFO  : Jtag cable 'Digilent JTAG-SMT1 210203823914A' is selected.
17:55:06 INFO  : 'jtag frequency' command is executed.
17:55:06 INFO  : Sourcing of 'D:/ADS/SoC_intr/SoC_intr.sdk/design_1_wrapper_hw_platform_0/ps7_init.tcl' is done.
17:55:06 INFO  : Context for 'APU' is selected.
17:55:08 INFO  : Hardware design information is loaded from 'D:/ADS/SoC_intr/SoC_intr.sdk/design_1_wrapper_hw_platform_0/system.hdf'.
17:55:08 INFO  : 'configparams force-mem-access 1' command is executed.
17:55:08 INFO  : Context for 'APU' is selected.
17:55:08 INFO  : 'stop' command is executed.
17:55:08 INFO  : 'ps7_init' command is executed.
17:55:08 INFO  : 'ps7_post_config' command is executed.
17:55:08 INFO  : Context for processor 'microblaze_0' is selected.
17:55:08 INFO  : Processor reset is completed for 'microblaze_0'.
17:55:08 INFO  : Context for processor 'microblaze_0' is selected.
17:55:09 INFO  : The application 'D:/ADS/SoC_intr/SoC_intr.sdk/test_intr/Debug/test_intr.elf' is downloaded to processor 'microblaze_0'.
17:55:09 INFO  : 'configparams force-mem-access 0' command is executed.
17:55:09 INFO  : ----------------XSDB Script----------------
connect -url tcp:127.0.0.1:3121
source D:/ADS/SoC_intr/SoC_intr.sdk/design_1_wrapper_hw_platform_0/ps7_init.tcl
targets -set -nocase -filter {name =~"APU*" && jtag_cable_name =~ "Digilent JTAG-SMT1 210203823914A"} -index 0
loadhw -hw D:/ADS/SoC_intr/SoC_intr.sdk/design_1_wrapper_hw_platform_0/system.hdf -mem-ranges [list {0x40000000 0xbfffffff}]
configparams force-mem-access 1
targets -set -nocase -filter {name =~"APU*" && jtag_cable_name =~ "Digilent JTAG-SMT1 210203823914A"} -index 0
stop
ps7_init
ps7_post_config
targets -set -nocase -filter {name =~ "microblaze*#0" && bscan=="USER2"  && jtag_cable_name =~ "Digilent JTAG-SMT1 210203823914A"} -index 1
rst -processor
targets -set -nocase -filter {name =~ "microblaze*#0" && bscan=="USER2"  && jtag_cable_name =~ "Digilent JTAG-SMT1 210203823914A"} -index 1
dow D:/ADS/SoC_intr/SoC_intr.sdk/test_intr/Debug/test_intr.elf
configparams force-mem-access 0
----------------End of Script----------------

17:55:10 INFO  : Memory regions updated for context APU
17:55:10 INFO  : Memory regions updated for context MicroBlaze #0
17:55:10 INFO  : Memory regions updated for context MicroBlaze #0
17:55:10 INFO  : Context for processor 'microblaze_0' is selected.
17:55:10 INFO  : 'con' command is executed.
17:55:10 INFO  : ----------------XSDB Script (After Launch)----------------
targets -set -nocase -filter {name =~ "microblaze*#0" && bscan=="USER2"  && jtag_cable_name =~ "Digilent JTAG-SMT1 210203823914A"} -index 1
con
----------------End of Script----------------

17:55:10 INFO  : Launch script is exported to file 'D:\ADS\SoC_intr\SoC_intr.sdk\.sdk\launch_scripts\xilinx_c-c++_application_(system_debugger)\system_debugger_using_debug_test_intr.elf_on_local.tcl'
17:55:28 INFO  : Disconnected from the channel tcfchan#12.
17:55:29 INFO  : 'targets -set -filter {jtag_cable_name =~ "Digilent JTAG-SMT1 210203823914A" && level==0} -index 1' command is executed.
17:55:29 INFO  : 'fpga -state' command is executed.
17:55:29 INFO  : Connected to target on host '127.0.0.1' and port '3121'.
17:55:29 INFO  : Jtag cable 'Digilent JTAG-SMT1 210203823914A' is selected.
17:55:29 INFO  : 'jtag frequency' command is executed.
17:55:29 INFO  : Sourcing of 'D:/ADS/SoC_intr/SoC_intr.sdk/design_1_wrapper_hw_platform_0/ps7_init.tcl' is done.
17:55:29 INFO  : Context for 'APU' is selected.
17:55:31 INFO  : Hardware design information is loaded from 'D:/ADS/SoC_intr/SoC_intr.sdk/design_1_wrapper_hw_platform_0/system.hdf'.
17:55:31 INFO  : 'configparams force-mem-access 1' command is executed.
17:55:31 INFO  : Context for 'APU' is selected.
17:55:31 INFO  : 'stop' command is executed.
17:55:31 INFO  : 'ps7_init' command is executed.
17:55:31 INFO  : 'ps7_post_config' command is executed.
17:55:32 INFO  : Context for processor 'microblaze_0' is selected.
17:55:32 INFO  : Processor reset is completed for 'microblaze_0'.
17:55:32 INFO  : Context for processor 'microblaze_0' is selected.
17:55:32 INFO  : The application 'D:/ADS/SoC_intr/SoC_intr.sdk/test_intr/Debug/test_intr.elf' is downloaded to processor 'microblaze_0'.
17:55:32 INFO  : 'configparams force-mem-access 0' command is executed.
17:55:32 INFO  : ----------------XSDB Script----------------
connect -url tcp:127.0.0.1:3121
source D:/ADS/SoC_intr/SoC_intr.sdk/design_1_wrapper_hw_platform_0/ps7_init.tcl
targets -set -nocase -filter {name =~"APU*" && jtag_cable_name =~ "Digilent JTAG-SMT1 210203823914A"} -index 0
loadhw -hw D:/ADS/SoC_intr/SoC_intr.sdk/design_1_wrapper_hw_platform_0/system.hdf -mem-ranges [list {0x40000000 0xbfffffff}]
configparams force-mem-access 1
targets -set -nocase -filter {name =~"APU*" && jtag_cable_name =~ "Digilent JTAG-SMT1 210203823914A"} -index 0
stop
ps7_init
ps7_post_config
targets -set -nocase -filter {name =~ "microblaze*#0" && bscan=="USER2"  && jtag_cable_name =~ "Digilent JTAG-SMT1 210203823914A"} -index 1
rst -processor
targets -set -nocase -filter {name =~ "microblaze*#0" && bscan=="USER2"  && jtag_cable_name =~ "Digilent JTAG-SMT1 210203823914A"} -index 1
dow D:/ADS/SoC_intr/SoC_intr.sdk/test_intr/Debug/test_intr.elf
configparams force-mem-access 0
----------------End of Script----------------

17:55:33 INFO  : Memory regions updated for context APU
17:55:33 INFO  : Memory regions updated for context MicroBlaze #0
17:55:33 INFO  : Memory regions updated for context MicroBlaze #0
17:55:33 INFO  : Context for processor 'microblaze_0' is selected.
17:55:33 INFO  : 'con' command is executed.
17:55:33 INFO  : ----------------XSDB Script (After Launch)----------------
targets -set -nocase -filter {name =~ "microblaze*#0" && bscan=="USER2"  && jtag_cable_name =~ "Digilent JTAG-SMT1 210203823914A"} -index 1
con
----------------End of Script----------------

17:55:33 INFO  : Launch script is exported to file 'D:\ADS\SoC_intr\SoC_intr.sdk\.sdk\launch_scripts\xilinx_c-c++_application_(system_debugger)\system_debugger_using_debug_test_intr.elf_on_local.tcl'
17:56:02 INFO  : Connected to target on host '127.0.0.1' and port '3121'.
17:56:02 INFO  : 'targets -set -filter {jtag_cable_name =~ "Digilent JTAG-SMT1 210203823914A" && level==0} -index 1' command is executed.
17:56:04 INFO  : FPGA configured successfully with bitstream "D:/ADS/SoC_intr/SoC_intr.sdk/design_1_wrapper_hw_platform_0/download.bit"
17:56:10 INFO  : Disconnected from the channel tcfchan#13.
17:56:11 INFO  : 'targets -set -filter {jtag_cable_name =~ "Digilent JTAG-SMT1 210203823914A" && level==0} -index 1' command is executed.
17:56:11 INFO  : 'fpga -state' command is executed.
17:56:11 INFO  : Connected to target on host '127.0.0.1' and port '3121'.
17:56:11 INFO  : Jtag cable 'Digilent JTAG-SMT1 210203823914A' is selected.
17:56:11 INFO  : 'jtag frequency' command is executed.
17:56:11 INFO  : Sourcing of 'D:/ADS/SoC_intr/SoC_intr.sdk/design_1_wrapper_hw_platform_0/ps7_init.tcl' is done.
17:56:12 INFO  : Context for 'APU' is selected.
17:56:13 INFO  : Hardware design information is loaded from 'D:/ADS/SoC_intr/SoC_intr.sdk/design_1_wrapper_hw_platform_0/system.hdf'.
17:56:13 INFO  : 'configparams force-mem-access 1' command is executed.
17:56:13 INFO  : Context for 'APU' is selected.
17:56:13 INFO  : 'stop' command is executed.
17:56:14 INFO  : 'ps7_init' command is executed.
17:56:14 INFO  : 'ps7_post_config' command is executed.
17:56:14 INFO  : Context for processor 'microblaze_0' is selected.
17:56:14 INFO  : Processor reset is completed for 'microblaze_0'.
17:56:14 INFO  : Context for processor 'microblaze_0' is selected.
17:56:14 INFO  : The application 'D:/ADS/SoC_intr/SoC_intr.sdk/test_intr/Debug/test_intr.elf' is downloaded to processor 'microblaze_0'.
17:56:14 INFO  : 'configparams force-mem-access 0' command is executed.
17:56:14 INFO  : ----------------XSDB Script----------------
connect -url tcp:127.0.0.1:3121
source D:/ADS/SoC_intr/SoC_intr.sdk/design_1_wrapper_hw_platform_0/ps7_init.tcl
targets -set -nocase -filter {name =~"APU*" && jtag_cable_name =~ "Digilent JTAG-SMT1 210203823914A"} -index 0
loadhw -hw D:/ADS/SoC_intr/SoC_intr.sdk/design_1_wrapper_hw_platform_0/system.hdf -mem-ranges [list {0x40000000 0xbfffffff}]
configparams force-mem-access 1
targets -set -nocase -filter {name =~"APU*" && jtag_cable_name =~ "Digilent JTAG-SMT1 210203823914A"} -index 0
stop
ps7_init
ps7_post_config
targets -set -nocase -filter {name =~ "microblaze*#0" && bscan=="USER2"  && jtag_cable_name =~ "Digilent JTAG-SMT1 210203823914A"} -index 1
rst -processor
targets -set -nocase -filter {name =~ "microblaze*#0" && bscan=="USER2"  && jtag_cable_name =~ "Digilent JTAG-SMT1 210203823914A"} -index 1
dow D:/ADS/SoC_intr/SoC_intr.sdk/test_intr/Debug/test_intr.elf
configparams force-mem-access 0
----------------End of Script----------------

17:56:15 INFO  : Memory regions updated for context APU
17:56:15 INFO  : Memory regions updated for context MicroBlaze #0
17:56:15 INFO  : Memory regions updated for context MicroBlaze #0
17:56:15 INFO  : Context for processor 'microblaze_0' is selected.
17:56:15 INFO  : 'con' command is executed.
17:56:15 INFO  : ----------------XSDB Script (After Launch)----------------
targets -set -nocase -filter {name =~ "microblaze*#0" && bscan=="USER2"  && jtag_cable_name =~ "Digilent JTAG-SMT1 210203823914A"} -index 1
con
----------------End of Script----------------

17:56:15 INFO  : Launch script is exported to file 'D:\ADS\SoC_intr\SoC_intr.sdk\.sdk\launch_scripts\xilinx_c-c++_application_(system_debugger)\system_debugger_using_debug_test_intr.elf_on_local.tcl'
18:33:16 INFO  : Disconnected from the channel tcfchan#14.
18:40:59 INFO  : Registering command handlers for SDK TCF services
18:40:59 INFO  : Launching XSCT server: xsct.bat -interactive D:\ADS\SoC_intr\SoC_intr.sdk\temp_xsdb_launch_script.tcl
18:41:00 INFO  : XSCT server has started successfully.
18:41:00 INFO  : Successfully done setting XSCT server connection channel  
18:41:00 INFO  : Successfully done setting SDK workspace  
18:41:00 INFO  : Processing command line option -hwspec D:/ADS/SoC_Intr_cache/SoC_Intr_cache.sdk/design_1_wrapper.hdf.
18:41:25 INFO  : Connected to target on host '127.0.0.1' and port '3121'.
18:41:27 INFO  : 'targets -set -filter {jtag_cable_name =~ "Digilent JTAG-SMT1 210203823914A" && level==0} -index 1' command is executed.
18:41:31 INFO  : FPGA configured successfully with bitstream "D:/ADS/SoC_intr/SoC_intr.sdk/design_1_wrapper_hw_platform_0/download.bit"
18:42:08 INFO  : 'targets -set -filter {jtag_cable_name =~ "Digilent JTAG-SMT1 210203823914A" && level==0} -index 1' command is executed.
18:42:08 INFO  : 'fpga -state' command is executed.
18:42:08 INFO  : Connected to target on host '127.0.0.1' and port '3121'.
18:42:09 INFO  : Jtag cable 'Digilent JTAG-SMT1 210203823914A' is selected.
18:42:09 INFO  : 'jtag frequency' command is executed.
18:42:09 INFO  : Sourcing of 'D:/ADS/SoC_intr/SoC_intr.sdk/design_1_wrapper_hw_platform_0/ps7_init.tcl' is done.
18:42:09 INFO  : Context for 'APU' is selected.
18:42:09 INFO  : Hardware design information is loaded from 'D:/ADS/SoC_intr/SoC_intr.sdk/design_1_wrapper_hw_platform_0/system.hdf'.
18:42:09 INFO  : 'configparams force-mem-access 1' command is executed.
18:42:09 INFO  : Context for 'APU' is selected.
18:42:09 INFO  : 'stop' command is executed.
18:42:09 INFO  : 'ps7_init' command is executed.
18:42:09 INFO  : 'ps7_post_config' command is executed.
18:42:09 INFO  : Context for processor 'microblaze_0' is selected.
18:42:09 INFO  : Processor reset is completed for 'microblaze_0'.
18:42:09 INFO  : Context for processor 'microblaze_0' is selected.
18:42:09 INFO  : The application 'D:/ADS/SoC_intr/SoC_intr.sdk/test_intr/Debug/test_intr.elf' is downloaded to processor 'microblaze_0'.
18:42:09 INFO  : 'configparams force-mem-access 0' command is executed.
18:42:09 INFO  : ----------------XSDB Script----------------
connect -url tcp:127.0.0.1:3121
source D:/ADS/SoC_intr/SoC_intr.sdk/design_1_wrapper_hw_platform_0/ps7_init.tcl
targets -set -nocase -filter {name =~"APU*" && jtag_cable_name =~ "Digilent JTAG-SMT1 210203823914A"} -index 0
loadhw -hw D:/ADS/SoC_intr/SoC_intr.sdk/design_1_wrapper_hw_platform_0/system.hdf -mem-ranges [list {0x40000000 0xbfffffff}]
configparams force-mem-access 1
targets -set -nocase -filter {name =~"APU*" && jtag_cable_name =~ "Digilent JTAG-SMT1 210203823914A"} -index 0
stop
ps7_init
ps7_post_config
targets -set -nocase -filter {name =~ "microblaze*#0" && bscan=="USER2"  && jtag_cable_name =~ "Digilent JTAG-SMT1 210203823914A"} -index 1
rst -processor
targets -set -nocase -filter {name =~ "microblaze*#0" && bscan=="USER2"  && jtag_cable_name =~ "Digilent JTAG-SMT1 210203823914A"} -index 1
dow D:/ADS/SoC_intr/SoC_intr.sdk/test_intr/Debug/test_intr.elf
configparams force-mem-access 0
----------------End of Script----------------

18:42:09 INFO  : Memory regions updated for context APU
18:42:09 INFO  : Memory regions updated for context MicroBlaze #0
18:42:09 INFO  : Memory regions updated for context MicroBlaze #0
18:42:10 INFO  : Context for processor 'microblaze_0' is selected.
18:42:10 INFO  : 'con' command is executed.
18:42:10 INFO  : ----------------XSDB Script (After Launch)----------------
targets -set -nocase -filter {name =~ "microblaze*#0" && bscan=="USER2"  && jtag_cable_name =~ "Digilent JTAG-SMT1 210203823914A"} -index 1
con
----------------End of Script----------------

18:42:10 INFO  : Launch script is exported to file 'D:\ADS\SoC_intr\SoC_intr.sdk\.sdk\launch_scripts\xilinx_c-c++_application_(system_debugger)\system_debugger_using_debug_test_intr.elf_on_local.tcl'
19:09:28 INFO  : Disconnected from the channel tcfchan#1.
19:12:06 INFO  : Registering command handlers for SDK TCF services
19:12:06 INFO  : Launching XSCT server: xsct.bat -interactive D:\ADS\SoC_intr\SoC_intr.sdk\temp_xsdb_launch_script.tcl
19:12:07 INFO  : XSCT server has started successfully.
19:12:07 INFO  : Successfully done setting XSCT server connection channel  
19:12:07 INFO  : Successfully done setting SDK workspace  
19:12:07 INFO  : Processing command line option -hwspec D:/ADS/SoC_intr_cache_V2/SoC_intr_cache_V2.sdk/design_1_wrapper.hdf.
19:12:32 INFO  : Connected to target on host '127.0.0.1' and port '3121'.
19:12:34 INFO  : 'targets -set -filter {jtag_cable_name =~ "Digilent JTAG-SMT1 210203823914A" && level==0} -index 1' command is executed.
19:12:38 INFO  : FPGA configured successfully with bitstream "D:/ADS/SoC_intr/SoC_intr.sdk/design_1_wrapper_hw_platform_0/download.bit"
19:12:48 INFO  : 'targets -set -filter {jtag_cable_name =~ "Digilent JTAG-SMT1 210203823914A" && level==0} -index 1' command is executed.
19:12:48 INFO  : 'fpga -state' command is executed.
19:12:48 INFO  : Connected to target on host '127.0.0.1' and port '3121'.
19:12:48 INFO  : Jtag cable 'Digilent JTAG-SMT1 210203823914A' is selected.
19:12:48 INFO  : 'jtag frequency' command is executed.
19:12:48 INFO  : Sourcing of 'D:/ADS/SoC_intr/SoC_intr.sdk/design_1_wrapper_hw_platform_0/ps7_init.tcl' is done.
19:12:48 INFO  : Context for 'APU' is selected.
19:12:48 INFO  : Hardware design information is loaded from 'D:/ADS/SoC_intr/SoC_intr.sdk/design_1_wrapper_hw_platform_0/system.hdf'.
19:12:48 INFO  : 'configparams force-mem-access 1' command is executed.
19:12:48 INFO  : Context for 'APU' is selected.
19:12:48 INFO  : 'stop' command is executed.
19:12:48 INFO  : 'ps7_init' command is executed.
19:12:48 INFO  : 'ps7_post_config' command is executed.
19:12:48 INFO  : Context for processor 'microblaze_0' is selected.
19:12:49 INFO  : Processor reset is completed for 'microblaze_0'.
19:12:49 INFO  : Context for processor 'microblaze_0' is selected.
19:12:49 INFO  : The application 'D:/ADS/SoC_intr/SoC_intr.sdk/test_intr/Debug/test_intr.elf' is downloaded to processor 'microblaze_0'.
19:12:49 INFO  : 'configparams force-mem-access 0' command is executed.
19:12:49 INFO  : ----------------XSDB Script----------------
connect -url tcp:127.0.0.1:3121
source D:/ADS/SoC_intr/SoC_intr.sdk/design_1_wrapper_hw_platform_0/ps7_init.tcl
targets -set -nocase -filter {name =~"APU*" && jtag_cable_name =~ "Digilent JTAG-SMT1 210203823914A"} -index 0
loadhw -hw D:/ADS/SoC_intr/SoC_intr.sdk/design_1_wrapper_hw_platform_0/system.hdf -mem-ranges [list {0x40000000 0xbfffffff}]
configparams force-mem-access 1
targets -set -nocase -filter {name =~"APU*" && jtag_cable_name =~ "Digilent JTAG-SMT1 210203823914A"} -index 0
stop
ps7_init
ps7_post_config
targets -set -nocase -filter {name =~ "microblaze*#0" && bscan=="USER2"  && jtag_cable_name =~ "Digilent JTAG-SMT1 210203823914A"} -index 1
rst -processor
targets -set -nocase -filter {name =~ "microblaze*#0" && bscan=="USER2"  && jtag_cable_name =~ "Digilent JTAG-SMT1 210203823914A"} -index 1
dow D:/ADS/SoC_intr/SoC_intr.sdk/test_intr/Debug/test_intr.elf
configparams force-mem-access 0
----------------End of Script----------------

19:12:49 INFO  : Memory regions updated for context APU
19:12:49 INFO  : Memory regions updated for context MicroBlaze #0
19:12:49 INFO  : Memory regions updated for context MicroBlaze #0
19:12:49 INFO  : Context for processor 'microblaze_0' is selected.
19:12:49 INFO  : 'con' command is executed.
19:12:49 INFO  : ----------------XSDB Script (After Launch)----------------
targets -set -nocase -filter {name =~ "microblaze*#0" && bscan=="USER2"  && jtag_cable_name =~ "Digilent JTAG-SMT1 210203823914A"} -index 1
con
----------------End of Script----------------

19:12:49 INFO  : Launch script is exported to file 'D:\ADS\SoC_intr\SoC_intr.sdk\.sdk\launch_scripts\xilinx_c-c++_application_(system_debugger)\system_debugger_using_debug_test_intr.elf_on_local.tcl'
19:13:43 INFO  : Disconnected from the channel tcfchan#1.
